1/2647	(GI:18414039) is finished	(82.85 mins )
2/2647	(GI:15238452) is finished	(71.76 mins )
3/2647	(GI:145357661) is finished	(62.27 mins )
4/2647	(GI:15239687) is finished	(53.95 mins )
5/2647	(GI:186522588) is finished	(59.8 mins )
6/2647	(GI:18414504) is finished	(57.05 mins )
7/2647	(GI:15239049) is finished	(57.31 mins )
8/2647	(GI:15238311) is finished	(59.08 mins )
9/2647	(GI:30682659) is finished	(58.89 mins )
10/2647	(GI:18417957) is finished	(57.74 mins )
11/2647	(GI:15235088) is finished	(55.33 mins )
12/2647	(GI:42573323) is finished	(53.68 mins )
13/2647	(GI:145334311) is finished	(54.02 mins )
14/2647	(GI:15236103) is finished	(53.58 mins )
15/2647	(GI:186520313) is finished	(52.24 mins )
16/2647	(GI:15238194) is finished	(53.19 mins )
17/2647	(GI:15237967) is finished	(54.81 mins )
18/2647	(GI:15237211) is finished	(56.18 mins )
19/2647	(GI:18420584) is finished	(53.78 mins )
20/2647	(GI:30680994) is finished	(52.99 mins )
21/2647	(GI:15238886) is finished	(54.18 mins )
22/2647	(GI:18416676) is finished	(52.88 mins )
23/2647	(GI:30684143) is finished	(52.81 mins )
24/2647	(GI:30680681) is finished	(53.15 mins )
25/2647	(GI:186524238) is finished	(55.23 mins )
26/2647	(GI:15237989) is finished	(56.2 mins )
27/2647	(GI:15242221) is finished	(56.69 mins )
28/2647	(GI:15240694) is finished	(57.82 mins )
29/2647	(GI:42567548) is finished	(57.25 mins )
30/2647	(GI:18416832) is finished	(56.52 mins )
31/2647	(GI:186521875) is finished	(55.09 mins )
32/2647	(GI:15242365) is finished	(54.08 mins )
33/2647	(GI:186519603) is finished	(53.2 mins )
34/2647	(GI:30682405) is finished	(54.62 mins )
35/2647	(GI:18420546) is finished	(56.27 mins )
36/2647	(GI:186523788) is finished	(54.98 mins )
37/2647	(GI:15240835) is finished	(54.54 mins )
38/2647	(GI:18414179) is finished	(54.39 mins )
39/2647	(GI:238481201) is finished	(56.66 mins )
40/2647	(GI:15241375) is finished	(55.53 mins )
41/2647	(GI:186523129) is finished	(54.91 mins )
42/2647	(GI:30684467) is finished	(54.1 mins )
43/2647	(GI:186521415) is finished	(53.03 mins )
44/2647	(GI:15240633) is finished	(53.15 mins )
45/2647	(GI:18416839) is finished	(52.8 mins )
46/2647	(GI:145361901) is finished	(53.03 mins )
47/2647	(GI:42567704) is finished	(53.34 mins )
48/2647	(GI:15238766) is finished	(52.61 mins )
49/2647	(GI:145334397) is finished	(52.08 mins )
50/2647	(GI:79326584) is finished	(51.41 mins )
51/2647	(GI:42573255) is finished	(50.62 mins )
52/2647	(GI:18416698) is finished	(50.26 mins )
53/2647	(GI:15239928) is finished	(50.34 mins )
54/2647	(GI:15241320) is finished	(50.26 mins )
55/2647	(GI:15235111) is finished	(50.15 mins )
56/2647	(GI:22326858) is finished	(50.46 mins )
57/2647	(GI:30680478) is finished	(50.12 mins )
58/2647	(GI:240256286) is finished	(49.63 mins )
59/2647	(GI:15236057) is finished	(49.26 mins )
60/2647	(GI:15240088) is finished	(49.28 mins )
61/2647	(GI:186521301) is finished	(48.94 mins )
62/2647	(GI:42567719) is finished	(48.64 mins )
63/2647	(GI:186523339) is finished	(48.07 mins )
64/2647	(GI:30681448) is finished	(47.84 mins )
65/2647	(GI:42567620) is finished	(47.26 mins )
66/2647	(GI:15242776) is finished	(47.18 mins )
67/2647	(GI:15240954) is finished	(47.69 mins )
68/2647	(GI:15239616) is finished	(47.89 mins )
69/2647	(GI:15238718) is finished	(47.62 mins )
70/2647	(GI:15241536) is finished	(47.13 mins )
71/2647	(GI:186524453) is finished	(46.56 mins )
72/2647	(GI:15242344) is finished	(46.29 mins )
73/2647	(GI:18417773) is finished	(45.93 mins )
74/2647	(GI:18415939) is finished	(45.94 mins )
75/2647	(GI:18420313) is finished	(45.46 mins )
76/2647	(GI:15241416) is finished	(45.57 mins )
77/2647	(GI:30679355) is finished	(45.67 mins )
78/2647	(GI:15239967) is finished	(46.0 mins )
79/2647	(GI:186524027) is finished	(45.53 mins )
80/2647	(GI:145334317) is finished	(45.36 mins )
81/2647	(GI:42573317) is finished	(45.07 mins )
82/2647	(GI:15241568) is finished	(44.74 mins )
83/2647	(GI:186524423) is finished	(44.5 mins )
84/2647	(GI:42573373) is finished	(44.97 mins )
85/2647	(GI:15238736) is finished	(45.17 mins )
86/2647	(GI:42567797) is finished	(45.3 mins )
87/2647	(GI:15241851) is finished	(45.01 mins )
88/2647	(GI:79326543) is finished	(44.6 mins )
89/2647	(GI:30680397) is finished	(44.51 mins )
90/2647	(GI:18415051) is finished	(44.26 mins )
91/2647	(GI:22326688) is finished	(44.51 mins )
92/2647	(GI:145334303) is finished	(44.55 mins )
93/2647	(GI:15240068) is finished	(44.78 mins )
94/2647	(GI:15242846) is finished	(44.42 mins )
95/2647	(GI:186521788) is finished	(44.04 mins )
96/2647	(GI:186522007) is finished	(43.66 mins )
97/2647	(GI:186522075) is finished	(43.98 mins )
98/2647	(GI:186520131) is finished	(44.21 mins )
99/2647	(GI:30681215) is finished	(44.14 mins )
100/2647	(GI:15242171) is finished	(44.61 mins )
101/2647	(GI:79502509) is finished	(44.79 mins )
102/2647	(GI:42570509) is finished	(44.65 mins )
103/2647	(GI:30682386) is finished	(44.58 mins )
104/2647	(GI:15239883) is finished	(44.37 mins )
105/2647	(GI:15242392) is finished	(44.62 mins )
106/2647	(GI:30679590) is finished	(44.89 mins )
107/2647	(GI:186519018) is finished	(44.92 mins )
108/2647	(GI:42567895) is finished	(44.79 mins )
109/2647	(GI:15241477) is finished	(44.46 mins )
110/2647	(GI:30687983) is finished	(44.55 mins )
111/2647	(GI:15241462) is finished	(44.48 mins )
112/2647	(GI:240256269) is finished	(44.43 mins )
113/2647	(GI:15237943) is finished	(44.44 mins )
114/2647	(GI:15235059) is finished	(45.29 mins )
115/2647	(GI:186517819) is finished	(44.97 mins )
116/2647	(GI:15240744) is finished	(45.09 mins )
117/2647	(GI:18414583) is finished	(45.44 mins )
118/2647	(GI:18414305) is finished	(45.28 mins )
119/2647	(GI:22326571) is finished	(44.99 mins )
120/2647	(GI:15239638) is finished	(44.89 mins )
121/2647	(GI:15241018) is finished	(44.7 mins )
122/2647	(GI:15239203) is finished	(44.96 mins )
123/2647	(GI:186521214) is finished	(45.1 mins )
124/2647	(GI:15240690) is finished	(45.15 mins )
125/2647	(GI:145334505) is finished	(44.92 mins )
126/2647	(GI:15238053) is finished	(44.71 mins )
127/2647	(GI:30683552) is finished	(44.43 mins )
128/2647	(GI:15241502) is finished	(44.44 mins )
129/2647	(GI:22326612) is finished	(44.83 mins )
130/2647	(GI:79507493) is finished	(44.68 mins )
131/2647	(GI:18418423) is finished	(44.88 mins )
132/2647	(GI:15241790) is finished	(45.09 mins )
133/2647	(GI:145362616) is finished	(45.13 mins )
134/2647	(GI:15241537) is finished	(44.95 mins )
135/2647	(GI:15242241) is finished	(44.77 mins )
136/2647	(GI:186523725) is finished	(44.5 mins )
137/2647	(GI:18413737) is finished	(44.41 mins )
138/2647	(GI:22326663) is finished	(44.29 mins )
139/2647	(GI:15239069) is finished	(44.19 mins )
140/2647	(GI:15235982) is finished	(44.03 mins )
141/2647	(GI:15239322) is finished	(43.87 mins )
142/2647	(GI:186520861) is finished	(44.09 mins )
143/2647	(GI:15241467) is finished	(44.21 mins )
144/2647	(GI:42573251) is finished	(44.08 mins )
145/2647	(GI:18420236) is finished	(44.12 mins )
146/2647	(GI:30680867) is finished	(43.95 mins )
147/2647	(GI:42573395) is finished	(43.89 mins )
148/2647	(GI:15239150) is finished	(43.8 mins )
149/2647	(GI:15242564) is finished	(44.1 mins )
150/2647	(GI:79327915) is finished	(43.94 mins )
151/2647	(GI:15242709) is finished	(43.93 mins )
152/2647	(GI:186524134) is finished	(43.7 mins )
153/2647	(GI:79510032) is finished	(43.79 mins )
154/2647	(GI:145358033) is finished	(44.05 mins )
155/2647	(GI:15239156) is finished	(43.82 mins )
156/2647	(GI:42573363) is finished	(43.81 mins )
157/2647	(GI:186517886) is finished	(43.57 mins )
158/2647	(GI:15241626) is finished	(43.83 mins )
159/2647	(GI:15238809) is finished	(43.68 mins )
160/2647	(GI:30685380) is finished	(43.79 mins )
161/2647	(GI:30683605) is finished	(43.66 mins )
162/2647	(GI:79328089) is finished	(43.63 mins )
163/2647	(GI:22326653) is finished	(44.06 mins )
164/2647	(GI:15240751) is finished	(43.89 mins )
165/2647	(GI:79512687) is finished	(44.04 mins )
166/2647	(GI:18414919) is finished	(44.07 mins )
167/2647	(GI:145334271) is finished	(44.04 mins )
168/2647	(GI:18420517) is finished	(44.07 mins )
169/2647	(GI:30681763) is finished	(44.19 mins )
170/2647	(GI:42570512) is finished	(44.04 mins )
171/2647	(GI:15238224) is finished	(43.83 mins )
172/2647	(GI:15242636) is finished	(43.62 mins )
173/2647	(GI:22326834) is finished	(43.91 mins )
174/2647	(GI:15239147) is finished	(43.78 mins )
175/2647	(GI:15238047) is finished	(43.58 mins )
176/2647	(GI:15240831) is finished	(43.79 mins )
177/2647	(GI:30685369) is finished	(43.9 mins )
178/2647	(GI:15240021) is finished	(43.83 mins )
179/2647	(GI:15239789) is finished	(43.75 mins )
180/2647	(GI:79328173) is finished	(43.67 mins )
181/2647	(GI:238481313) is finished	(43.94 mins )
182/2647	(GI:15239293) is finished	(43.81 mins )
183/2647	(GI:30679280) is finished	(43.84 mins )
184/2647	(GI:22329268) is finished	(44.47 mins )
185/2647	(GI:15237328) is finished	(44.68 mins )
186/2647	(GI:18414465) is finished	(44.64 mins )
187/2647	(GI:15241656) is finished	(44.5 mins )
188/2647	(GI:15241593) is finished	(45.2 mins )
189/2647	(GI:79327557) is finished	(45.05 mins )
190/2647	(GI:79327922) is finished	(45.0 mins )
191/2647	(GI:15239857) is finished	(45.01 mins )
192/2647	(GI:15241677) is finished	(44.85 mins )
193/2647	(GI:240256245) is finished	(44.71 mins )
194/2647	(GI:15242363) is finished	(44.57 mins )
195/2647	(GI:22326731) is finished	(44.38 mins )
196/2647	(GI:15240952) is finished	(44.32 mins )
197/2647	(GI:145334285) is finished	(44.27 mins )
198/2647	(GI:15241007) is finished	(44.52 mins )
199/2647	(GI:15238044) is finished	(44.95 mins )
200/2647	(GI:42573375) is finished	(45.1 mins )
201/2647	(GI:15240587) is finished	(44.97 mins )
202/2647	(GI:145334371) is finished	(44.92 mins )
203/2647	(GI:15240613) is finished	(45.03 mins )
204/2647	(GI:15241267) is finished	(44.9 mins )
205/2647	(GI:18416357) is finished	(44.77 mins )
206/2647	(GI:15242326) is finished	(44.88 mins )
207/2647	(GI:15242272) is finished	(44.95 mins )
208/2647	(GI:15236061) is finished	(44.81 mins )
209/2647	(GI:30681522) is finished	(44.63 mins )
210/2647	(GI:15237944) is finished	(44.46 mins )
211/2647	(GI:145357701) is finished	(44.52 mins )
212/2647	(GI:15238973) is finished	(44.44 mins )
213/2647	(GI:15239859) is finished	(44.51 mins )
214/2647	(GI:18418333) is finished	(44.41 mins )
215/2647	(GI:15238816) is finished	(44.41 mins )
216/2647	(GI:15238012) is finished	(44.42 mins )
217/2647	(GI:145357815) is finished	(44.46 mins )
218/2647	(GI:15242316) is finished	(44.36 mins )
219/2647	(GI:79327651) is finished	(44.42 mins )
220/2647	(GI:79326631) is finished	(44.5 mins )
221/2647	(GI:18415737) is finished	(44.52 mins )
222/2647	(GI:15240042) is finished	(44.59 mins )
223/2647	(GI:30683133) is finished	(44.79 mins )
224/2647	(GI:22326841) is finished	(44.82 mins )
225/2647	(GI:18415456) is finished	(44.78 mins )
226/2647	(GI:15238856) is finished	(44.79 mins )
227/2647	(GI:186523019) is finished	(44.61 mins )
228/2647	(GI:18414574) is finished	(44.51 mins )
229/2647	(GI:145334499) is finished	(44.52 mins )
Traceback (most recent call last):
  File "blastpro.py", line 177, in <module>
    main(sys.argv)
  File "blastpro.py", line 171, in main
    result_dic = all_page(urls)
  File "blastpro.py", line 116, in all_page
    dic = get_all_info(soup)
  File "blastpro.py", line 102, in get_all_info
    result = find_everything(tag)
  File "blastpro.py", line 70, in find_everything
    num_tag = ichild(1, ichild(0, ichild(1, ichild(1, num_div))))
  File "blastpro.py", line 57, in ichild
    return list(tag.children)[i]
  File "/usr/local/lib/python3.5/dist-packages/bs4/element.py", line 737, in __getattr__
    self.__class__.__name__, attr))
AttributeError: 'NavigableString' object has no attribute 'children'
