1/2661	(GI:15233782) is finished	(13.57 mins )
2/2661	(GI:79325527) is finished	(29.94 mins )
3/2661	(GI:15236416) is finished	(44.26 mins )
4/2661	(GI:15234678) is finished	(52.47 mins )
5/2661	(GI:42567005) is finished	(61.52 mins )
6/2661	(GI:15236141) is finished	(55.46 mins )
7/2661	(GI:18415696) is finished	(54.64 mins )
8/2661	(GI:186512349) is finished	(48.91 mins )
9/2661	(GI:15234620) is finished	(54.09 mins )
10/2661	(GI:15236804) is finished	(54.0 mins )
11/2661	(GI:145334181) is finished	(54.93 mins )
12/2661	(GI:15234184) is finished	(64.82 mins )
13/2661	(GI:30686893) is finished	(70.08 mins )
14/2661	(GI:15236595) is finished	(69.61 mins )
15/2661	(GI:15235066) is finished	(68.38 mins )
16/2661	(GI:18417041) is finished	(65.35 mins )
17/2661	(GI:15233451) is finished	(65.02 mins )
18/2661	(GI:186511991) is finished	(63.17 mins )
19/2661	(GI:18415729) is finished	(62.13 mins )
20/2661	(GI:186511995) is finished	(60.27 mins )
21/2661	(GI:15234343) is finished	(60.71 mins )
22/2661	(GI:15236147) is finished	(60.02 mins )
23/2661	(GI:186514756) is finished	(60.83 mins )
24/2661	(GI:18416889) is finished	(60.63 mins )
25/2661	(GI:30686099) is finished	(62.28 mins )
26/2661	(GI:42573103) is finished	(60.77 mins )
27/2661	(GI:240256115) is finished	(59.67 mins )
28/2661	(GI:145334133) is finished	(60.05 mins )
29/2661	(GI:186515828) is finished	(60.08 mins )
30/2661	(GI:240256200) is finished	(58.74 mins )
31/2661	(GI:15234005) is finished	(59.09 mins )
32/2661	(GI:15235728) is finished	(58.34 mins )
33/2661	(GI:79325171) is finished	(58.37 mins )
34/2661	(GI:15236647) is finished	(57.59 mins )
35/2661	(GI:186512461) is finished	(56.32 mins )
36/2661	(GI:30684833) is finished	(55.61 mins )
37/2661	(GI:42567068) is finished	(56.16 mins )
38/2661	(GI:145340387) is finished	(59.27 mins )
39/2661	(GI:15236839) is finished	(58.38 mins )
40/2661	(GI:186512232) is finished	(58.03 mins )
41/2661	(GI:15235203) is finished	(58.0 mins )
42/2661	(GI:15233440) is finished	(58.3 mins )
43/2661	(GI:15234798) is finished	(57.44 mins )
44/2661	(GI:15235292) is finished	(56.78 mins )
45/2661	(GI:30687005) is finished	(57.04 mins )
46/2661	(GI:30689384) is finished	(59.67 mins )
47/2661	(GI:15233959) is finished	(59.79 mins )
48/2661	(GI:42566959) is finished	(59.01 mins )
49/2661	(GI:15233896) is finished	(58.22 mins )
50/2661	(GI:22328768) is finished	(58.85 mins )
51/2661	(GI:42570170) is finished	(58.8 mins )
52/2661	(GI:15236154) is finished	(58.05 mins )
53/2661	(GI:30686059) is finished	(58.86 mins )
54/2661	(GI:15233787) is finished	(59.16 mins )
55/2661	(GI:15236040) is finished	(60.26 mins )
56/2661	(GI:79326098) is finished	(60.15 mins )
57/2661	(GI:18416004) is finished	(59.92 mins )
58/2661	(GI:18419954) is finished	(59.64 mins )
59/2661	(GI:30689305) is finished	(59.7 mins )
60/2661	(GI:18417127) is finished	(59.44 mins )
61/2661	(GI:15236503) is finished	(58.98 mins )
62/2661	(GI:30686186) is finished	(58.86 mins )
63/2661	(GI:30687607) is finished	(59.05 mins )
64/2661	(GI:145334177) is finished	(58.33 mins )
65/2661	(GI:240255995) is finished	(57.99 mins )
66/2661	(GI:186513238) is finished	(57.63 mins )
67/2661	(GI:15234793) is finished	(57.0 mins )
68/2661	(GI:42567387) is finished	(56.99 mins )
69/2661	(GI:18417239) is finished	(56.63 mins )
70/2661	(GI:18415840) is finished	(56.95 mins )
71/2661	(GI:15235328) is finished	(56.63 mins )
72/2661	(GI:145334137) is finished	(56.39 mins )
73/2661	(GI:18416906) is finished	(57.01 mins )
74/2661	(GI:42567409) is finished	(57.25 mins )
75/2661	(GI:15235063) is finished	(57.6 mins )
76/2661	(GI:79485345) is finished	(57.43 mins )
77/2661	(GI:30687954) is finished	(57.45 mins )
78/2661	(GI:22328997) is finished	(57.17 mins )
79/2661	(GI:15236036) is finished	(57.41 mins )
80/2661	(GI:15235869) is finished	(57.59 mins )
81/2661	(GI:145333528) is finished	(58.77 mins )
82/2661	(GI:186512055) is finished	(59.32 mins )
83/2661	(GI:79326134) is finished	(58.95 mins )
84/2661	(GI:15236603) is finished	(58.45 mins )
85/2661	(GI:79325361) is finished	(58.19 mins )
86/2661	(GI:42566924) is finished	(57.96 mins )
87/2661	(GI:240256197) is finished	(58.46 mins )
88/2661	(GI:42567183) is finished	(58.49 mins )
89/2661	(GI:15234473) is finished	(58.27 mins )
90/2661	(GI:186514003) is finished	(57.9 mins )
91/2661	(GI:42566947) is finished	(58.0 mins )
92/2661	(GI:18417079) is finished	(57.87 mins )
93/2661	(GI:15236066) is finished	(58.05 mins )
94/2661	(GI:79326326) is finished	(58.05 mins )
95/2661	(GI:42573001) is finished	(57.82 mins )
96/2661	(GI:15233429) is finished	(57.85 mins )
97/2661	(GI:30684822) is finished	(57.85 mins )
98/2661	(GI:15235366) is finished	(58.6 mins )
99/2661	(GI:15233938) is finished	(58.11 mins )
100/2661	(GI:79496905) is finished	(58.08 mins )
101/2661	(GI:30689804) is finished	(57.91 mins )
102/2661	(GI:15233554) is finished	(57.51 mins )
103/2661	(GI:15233411) is finished	(57.71 mins )
104/2661	(GI:145334139) is finished	(57.75 mins )
105/2661	(GI:18417097) is finished	(57.86 mins )
106/2661	(GI:30689748) is finished	(57.65 mins )
107/2661	(GI:186512679) is finished	(57.17 mins )
108/2661	(GI:15234051) is finished	(57.07 mins )
109/2661	(GI:22328895) is finished	(57.24 mins )
110/2661	(GI:240256087) is finished	(57.55 mins )
111/2661	(GI:145340451) is finished	(57.22 mins )
112/2661	(GI:30684599) is finished	(56.96 mins )
113/2661	(GI:18416596) is finished	(56.61 mins )
114/2661	(GI:186516921) is finished	(56.18 mins )
115/2661	(GI:186513746) is finished	(55.75 mins )
116/2661	(GI:30688430) is finished	(55.61 mins )
117/2661	(GI:15233749) is finished	(55.52 mins )
118/2661	(GI:15233666) is finished	(55.65 mins )
119/2661	(GI:18416540) is finished	(55.34 mins )
120/2661	(GI:186513495) is finished	(54.95 mins )
121/2661	(GI:15233902) is finished	(54.75 mins )
122/2661	(GI:79487032) is finished	(54.59 mins )
123/2661	(GI:42566968) is finished	(54.46 mins )
124/2661	(GI:18415213) is finished	(54.37 mins )
125/2661	(GI:79325221) is finished	(54.31 mins )
126/2661	(GI:186512983) is finished	(53.93 mins )
127/2661	(GI:15234298) is finished	(53.7 mins )
128/2661	(GI:18417514) is finished	(54.04 mins )
129/2661	(GI:186514527) is finished	(53.76 mins )
130/2661	(GI:18417767) is finished	(53.6 mins )
131/2661	(GI:15234693) is finished	(53.66 mins )
132/2661	(GI:30688502) is finished	(53.72 mins )
133/2661	(GI:15234332) is finished	(53.95 mins )
134/2661	(GI:15234126) is finished	(53.86 mins )
135/2661	(GI:79494660) is finished	(53.81 mins )
136/2661	(GI:15237075) is finished	(53.69 mins )
137/2661	(GI:15236030) is finished	(53.8 mins )
138/2661	(GI:15234743) is finished	(53.71 mins )
139/2661	(GI:79486517) is finished	(53.44 mins )
140/2661	(GI:15234656) is finished	(53.64 mins )
141/2661	(GI:186516215) is finished	(53.31 mins )
142/2661	(GI:15235047) is finished	(53.0 mins )
143/2661	(GI:30690140) is finished	(52.74 mins )
144/2661	(GI:79325293) is finished	(52.52 mins )
145/2661	(GI:240256063) is finished	(52.43 mins )
146/2661	(GI:238481029) is finished	(52.31 mins )
147/2661	(GI:42567064) is finished	(52.49 mins )
148/2661	(GI:18418118) is finished	(52.21 mins )
149/2661	(GI:30684455) is finished	(51.92 mins )
150/2661	(GI:145334163) is finished	(51.91 mins )
151/2661	(GI:42573007) is finished	(51.76 mins )
152/2661	(GI:15234068) is finished	(51.48 mins )
153/2661	(GI:79478110) is finished	(51.46 mins )
154/2661	(GI:15236572) is finished	(51.61 mins )
155/2661	(GI:79481163) is finished	(51.43 mins )
156/2661	(GI:186512530) is finished	(51.13 mins )
157/2661	(GI:15234570) is finished	(50.99 mins )
158/2661	(GI:145333373) is finished	(50.88 mins )
159/2661	(GI:30686768) is finished	(50.74 mins )
160/2661	(GI:30685040) is finished	(50.54 mins )
161/2661	(GI:15234607) is finished	(50.77 mins )
162/2661	(GI:18416499) is finished	(50.58 mins )
163/2661	(GI:30686753) is finished	(50.6 mins )
164/2661	(GI:18416588) is finished	(50.4 mins )
165/2661	(GI:15235996) is finished	(50.32 mins )
166/2661	(GI:22329072) is finished	(50.11 mins )
167/2661	(GI:15235348) is finished	(50.0 mins )
168/2661	(GI:18415316) is finished	(50.02 mins )
169/2661	(GI:15233509) is finished	(50.05 mins )
170/2661	(GI:18418262) is finished	(49.85 mins )
171/2661	(GI:15233622) is finished	(49.78 mins )
172/2661	(GI:79325291) is finished	(49.62 mins )
173/2661	(GI:15236658) is finished	(49.38 mins )
174/2661	(GI:22328818) is finished	(49.26 mins )
175/2661	(GI:15237097) is finished	(49.24 mins )
176/2661	(GI:30690680) is finished	(49.36 mins )
177/2661	(GI:15235544) is finished	(49.46 mins )
178/2661	(GI:22329164) is finished	(49.53 mins )
179/2661	(GI:15234055) is finished	(49.47 mins )
180/2661	(GI:15234036) is finished	(49.41 mins )
181/2661	(GI:15236681) is finished	(49.38 mins )
182/2661	(GI:238481039) is finished	(49.21 mins )
183/2661	(GI:79325275) is finished	(49.34 mins )
184/2661	(GI:15236780) is finished	(49.27 mins )
185/2661	(GI:186514825) is finished	(49.05 mins )
186/2661	(GI:42567214) is finished	(49.15 mins )
187/2661	(GI:145333616) is finished	(49.19 mins )
188/2661	(GI:42567050) is finished	(49.38 mins )
189/2661	(GI:42572951) is finished	(49.2 mins )
190/2661	(GI:186512210) is finished	(49.33 mins )
191/2661	(GI:42573003) is finished	(49.37 mins )
192/2661	(GI:238481047) is finished	(49.37 mins )
193/2661	(GI:79325161) is finished	(49.14 mins )
194/2661	(GI:18416709) is finished	(48.93 mins )
195/2661	(GI:30686312) is finished	(49.05 mins )
196/2661	(GI:42573025) is finished	(48.89 mins )
197/2661	(GI:15235986) is finished	(49.11 mins )
198/2661	(GI:18418684) is finished	(49.16 mins )
199/2661	(GI:18418170) is finished	(49.33 mins )
200/2661	(GI:186513806) is finished	(49.17 mins )
201/2661	(GI:15234429) is finished	(49.34 mins )
202/2661	(GI:186512222) is finished	(49.14 mins )
203/2661	(GI:18416327) is finished	(49.02 mins )
204/2661	(GI:79482785) is finished	(49.08 mins )
205/2661	(GI:15234627) is finished	(49.01 mins )
206/2661	(GI:15234561) is finished	(49.0 mins )
207/2661	(GI:18418337) is finished	(49.12 mins )
208/2661	(GI:15234059) is finished	(49.18 mins )
209/2661	(GI:15234572) is finished	(49.14 mins )
210/2661	(GI:186513528) is finished	(49.08 mins )
211/2661	(GI:42573031) is finished	(48.91 mins )
212/2661	(GI:18417112) is finished	(48.8 mins )
213/2661	(GI:15236846) is finished	(48.69 mins )
214/2661	(GI:15235518) is finished	(48.75 mins )
215/2661	(GI:30689398) is finished	(48.57 mins )
216/2661	(GI:15234544) is finished	(48.42 mins )
217/2661	(GI:30686572) is finished	(48.34 mins )
218/2661	(GI:30687676) is finished	(48.18 mins )
219/2661	(GI:15234666) is finished	(48.41 mins )
220/2661	(GI:42566995) is finished	(48.7 mins )
221/2661	(GI:79480666) is finished	(48.67 mins )
222/2661	(GI:30684482) is finished	(48.6 mins )
223/2661	(GI:22329069) is finished	(48.45 mins )
224/2661	(GI:18416607) is finished	(48.3 mins )
225/2661	(GI:42567296) is finished	(48.22 mins )
226/2661	(GI:238480836) is finished	(48.03 mins )
227/2661	(GI:42567204) is finished	(47.94 mins )
228/2661	(GI:15236757) is finished	(47.8 mins )
229/2661	(GI:15236168) is finished	(47.66 mins )
230/2661	(GI:30686844) is finished	(47.51 mins )
231/2661	(GI:15233406) is finished	(47.59 mins )
232/2661	(GI:240256089) is finished	(47.64 mins )
233/2661	(GI:79325566) is finished	(47.6 mins )
234/2661	(GI:30686949) is finished	(47.48 mins )
235/2661	(GI:42572981) is finished	(47.59 mins )
236/2661	(GI:145334157) is finished	(47.5 mins )
237/2661	(GI:18416465) is finished	(47.37 mins )
238/2661	(GI:42567389) is finished	(47.33 mins )
239/2661	(GI:79497100) is finished	(47.38 mins )
240/2661	(GI:42572963) is finished	(47.42 mins )
241/2661	(GI:18415195) is finished	(47.71 mins )
242/2661	(GI:18417149) is finished	(47.54 mins )
243/2661	(GI:18415709) is finished	(47.4 mins )
244/2661	(GI:18417322) is finished	(47.28 mins )
245/2661	(GI:15236114) is finished	(47.33 mins )
246/2661	(GI:186515732) is finished	(47.16 mins )
247/2661	(GI:15234071) is finished	(47.02 mins )
248/2661	(GI:15236863) is finished	(47.13 mins )
249/2661	(GI:30687433) is finished	(47.03 mins )
250/2661	(GI:15234810) is finished	(46.93 mins )
251/2661	(GI:186515763) is finished	(46.83 mins )
252/2661	(GI:186513637) is finished	(46.66 mins )
253/2661	(GI:240256099) is finished	(46.57 mins )
254/2661	(GI:18415878) is finished	(46.45 mins )
255/2661	(GI:18417050) is finished	(46.4 mins )
256/2661	(GI:186512052) is finished	(46.23 mins )
257/2661	(GI:145323158) is finished	(46.18 mins )
258/2661	(GI:15234070) is finished	(46.04 mins )
259/2661	(GI:15234168) is finished	(45.92 mins )
260/2661	(GI:15235611) is finished	(45.84 mins )
261/2661	(GI:15233623) is finished	(45.78 mins )
262/2661	(GI:30686750) is finished	(45.69 mins )
263/2661	(GI:145334217) is finished	(45.57 mins )
264/2661	(GI:79495937) is finished	(45.65 mins )
265/2661	(GI:15236097) is finished	(45.54 mins )
266/2661	(GI:18417644) is finished	(45.42 mins )
267/2661	(GI:15237095) is finished	(45.35 mins )
268/2661	(GI:15234018) is finished	(45.32 mins )
269/2661	(GI:79325283) is finished	(45.42 mins )
270/2661	(GI:15235489) is finished	(45.43 mins )
271/2661	(GI:15234709) is finished	(45.45 mins )
272/2661	(GI:186516020) is finished	(45.45 mins )
273/2661	(GI:18416663) is finished	(45.52 mins )
274/2661	(GI:186514561) is finished	(45.57 mins )
275/2661	(GI:18416749) is finished	(45.54 mins )
276/2661	(GI:15234306) is finished	(45.52 mins )
277/2661	(GI:15236094) is finished	(45.52 mins )
278/2661	(GI:42567043) is finished	(45.46 mins )
279/2661	(GI:30686602) is finished	(45.37 mins )
280/2661	(GI:15233895) is finished	(45.32 mins )
281/2661	(GI:15234681) is finished	(45.37 mins )
282/2661	(GI:15236834) is finished	(45.82 mins )
283/2661	(GI:79497103) is finished	(45.83 mins )
284/2661	(GI:42573079) is finished	(45.75 mins )
285/2661	(GI:15233469) is finished	(45.67 mins )
286/2661	(GI:238480901) is finished	(45.64 mins )
287/2661	(GI:15234795) is finished	(45.76 mins )
288/2661	(GI:15235810) is finished	(46.09 mins )
289/2661	(GI:15236865) is finished	(46.01 mins )
290/2661	(GI:186512059) is finished	(45.95 mins )
291/2661	(GI:15233538) is finished	(45.84 mins )
292/2661	(GI:18415763) is finished	(45.71 mins )
293/2661	(GI:145333941) is finished	(45.66 mins )
294/2661	(GI:79479049) is finished	(45.61 mins )
295/2661	(GI:15234792) is finished	(45.59 mins )
296/2661	(GI:18415132) is finished	(45.54 mins )
297/2661	(GI:30690058) is finished	(45.66 mins )
298/2661	(GI:30684381) is finished	(45.61 mins )
299/2661	(GI:186516389) is finished	(45.49 mins )
300/2661	(GI:186512202) is finished	(45.53 mins )
301/2661	(GI:79326306) is finished	(45.53 mins )
302/2661	(GI:18416991) is finished	(45.47 mins )
303/2661	(GI:238480867) is finished	(45.47 mins )
304/2661	(GI:186514701) is finished	(45.33 mins )
305/2661	(GI:42567054) is finished	(45.5 mins )
306/2661	(GI:15236722) is finished	(45.39 mins )
307/2661	(GI:186516984) is finished	(45.49 mins )
308/2661	(GI:15233682) is finished	(45.42 mins )
309/2661	(GI:22328797) is finished	(45.42 mins )
310/2661	(GI:15233663) is finished	(45.34 mins )
311/2661	(GI:22328999) is finished	(45.28 mins )
312/2661	(GI:30689591) is finished	(45.26 mins )
313/2661	(GI:186512083) is finished	(45.13 mins )
314/2661	(GI:15233851) is finished	(45.16 mins )
315/2661	(GI:18415421) is finished	(45.1 mins )
316/2661	(GI:79325233) is finished	(45.0 mins )
317/2661	(GI:18417369) is finished	(44.95 mins )
318/2661	(GI:186512071) is finished	(44.94 mins )
319/2661	(GI:15236738) is finished	(44.93 mins )
320/2661	(GI:15236806) is finished	(45.14 mins )
321/2661	(GI:30690525) is finished	(45.12 mins )
322/2661	(GI:42573139) is finished	(45.14 mins )
323/2661	(GI:145340429) is finished	(45.07 mins )
324/2661	(GI:15235006) is finished	(44.95 mins )
325/2661	(GI:18416995) is finished	(44.9 mins )
326/2661	(GI:15236059) is finished	(44.78 mins )
327/2661	(GI:30685891) is finished	(44.92 mins )
328/2661	(GI:15236767) is finished	(44.9 mins )
329/2661	(GI:15234138) is finished	(44.88 mins )
330/2661	(GI:30684325) is finished	(44.94 mins )
331/2661	(GI:18416559) is finished	(44.96 mins )
332/2661	(GI:79325263) is finished	(44.86 mins )
333/2661	(GI:15235455) is finished	(44.86 mins )
334/2661	(GI:15235787) is finished	(45.05 mins )
335/2661	(GI:18416444) is finished	(44.93 mins )
336/2661	(GI:42572977) is finished	(44.84 mins )
337/2661	(GI:79495718) is finished	(44.83 mins )
338/2661	(GI:15234365) is finished	(44.78 mins )
339/2661	(GI:240256051) is finished	(44.7 mins )
340/2661	(GI:18418258) is finished	(44.6 mins )
341/2661	(GI:30686470) is finished	(44.48 mins )
342/2661	(GI:42567241) is finished	(44.62 mins )
343/2661	(GI:30689988) is finished	(44.66 mins )
344/2661	(GI:42572967) is finished	(44.72 mins )
345/2661	(GI:18417524) is finished	(44.64 mins )
346/2661	(GI:18418295) is finished	(44.52 mins )
347/2661	(GI:15236880) is finished	(44.47 mins )
348/2661	(GI:30685095) is finished	(44.44 mins )
349/2661	(GI:79325269) is finished	(44.47 mins )
350/2661	(GI:79481800) is finished	(44.45 mins )
351/2661	(GI:18415415) is finished	(44.37 mins )
352/2661	(GI:145334229) is finished	(44.3 mins )
353/2661	(GI:22328924) is finished	(44.19 mins )
354/2661	(GI:18418079) is finished	(44.07 mins )
355/2661	(GI:30689316) is finished	(44.11 mins )
356/2661	(GI:42572985) is finished	(44.14 mins )
357/2661	(GI:42573183) is finished	(44.03 mins )
358/2661	(GI:30688693) is finished	(44.05 mins )
359/2661	(GI:22329010) is finished	(44.09 mins )
360/2661	(GI:18415527) is finished	(44.15 mins )
361/2661	(GI:42567033) is finished	(44.15 mins )
362/2661	(GI:15235819) is finished	(44.1 mins )
363/2661	(GI:22328891) is finished	(44.15 mins )
364/2661	(GI:15235778) is finished	(44.07 mins )
365/2661	(GI:30684857) is finished	(44.04 mins )
366/2661	(GI:15235255) is finished	(44.01 mins )
367/2661	(GI:42573029) is finished	(43.93 mins )
368/2661	(GI:18415262) is finished	(43.98 mins )
369/2661	(GI:18417190) is finished	(44.01 mins )
370/2661	(GI:18419647) is finished	(43.91 mins )
371/2661	(GI:186513412) is finished	(43.88 mins )
372/2661	(GI:238480869) is finished	(43.82 mins )
373/2661	(GI:15236638) is finished	(43.72 mins )
374/2661	(GI:30687361) is finished	(43.76 mins )
375/2661	(GI:18416311) is finished	(43.78 mins )
376/2661	(GI:240256081) is finished	(43.94 mins )
377/2661	(GI:30686142) is finished	(44.0 mins )
378/2661	(GI:15236881) is finished	(43.92 mins )
379/2661	(GI:240256213) is finished	(43.93 mins )
380/2661	(GI:15234789) is finished	(43.99 mins )
381/2661	(GI:79325231) is finished	(44.02 mins )
382/2661	(GI:18415211) is finished	(44.09 mins )
383/2661	(GI:15236586) is finished	(44.18 mins )
384/2661	(GI:22329121) is finished	(44.24 mins )
385/2661	(GI:18417900) is finished	(44.13 mins )
386/2661	(GI:18417960) is finished	(44.04 mins )
387/2661	(GI:30689117) is finished	(44.13 mins )
388/2661	(GI:30685952) is finished	(44.02 mins )
389/2661	(GI:186515190) is finished	(43.91 mins )
390/2661	(GI:186516091) is finished	(43.9 mins )
391/2661	(GI:30690215) is finished	(43.89 mins )
392/2661	(GI:30684612) is finished	(43.83 mins )
393/2661	(GI:42573067) is finished	(43.75 mins )
394/2661	(GI:15235360) is finished	(43.65 mins )
395/2661	(GI:145333758) is finished	(43.64 mins )
396/2661	(GI:18416035) is finished	(43.56 mins )
397/2661	(GI:18416576) is finished	(43.48 mins )
398/2661	(GI:238480857) is finished	(43.45 mins )
399/2661	(GI:18416020) is finished	(43.39 mins )
400/2661	(GI:79325243) is finished	(43.31 mins )
401/2661	(GI:15234164) is finished	(43.32 mins )
402/2661	(GI:42572975) is finished	(43.28 mins )
403/2661	(GI:15233527) is finished	(43.24 mins )
404/2661	(GI:42573017) is finished	(43.25 mins )
405/2661	(GI:18417678) is finished	(43.17 mins )
406/2661	(GI:18415873) is finished	(43.09 mins )
407/2661	(GI:15236684) is finished	(43.01 mins )
408/2661	(GI:79326344) is finished	(42.98 mins )
409/2661	(GI:186516178) is finished	(42.89 mins )
410/2661	(GI:42573051) is finished	(42.79 mins )
411/2661	(GI:15235419) is finished	(42.73 mins )
412/2661	(GI:18417809) is finished	(42.74 mins )
413/2661	(GI:15234839) is finished	(42.67 mins )
414/2661	(GI:186513783) is finished	(42.56 mins )
415/2661	(GI:15234713) is finished	(42.57 mins )
416/2661	(GI:30687052) is finished	(42.6 mins )
417/2661	(GI:15233634) is finished	(42.55 mins )
418/2661	(GI:30686529) is finished	(42.45 mins )
419/2661	(GI:22328885) is finished	(42.39 mins )
420/2661	(GI:30688449) is finished	(42.34 mins )
421/2661	(GI:30686516) is finished	(42.37 mins )
422/2661	(GI:15234190) is finished	(42.38 mins )
423/2661	(GI:145333683) is finished	(42.33 mins )
424/2661	(GI:15235650) is finished	(42.24 mins )
425/2661	(GI:22328852) is finished	(42.31 mins )
426/2661	(GI:79325277) is finished	(42.29 mins )
427/2661	(GI:15233740) is finished	(42.26 mins )
428/2661	(GI:30685465) is finished	(42.3 mins )
429/2661	(GI:15234048) is finished	(42.2 mins )
430/2661	(GI:15235923) is finished	(42.14 mins )
431/2661	(GI:79479039) is finished	(42.1 mins )
432/2661	(GI:18417554) is finished	(42.03 mins )
433/2661	(GI:186514350) is finished	(41.95 mins )
434/2661	(GI:79325800) is finished	(41.88 mins )
435/2661	(GI:30685958) is finished	(41.85 mins )
436/2661	(GI:18416076) is finished	(41.92 mins )
437/2661	(GI:15233474) is finished	(41.88 mins )
438/2661	(GI:15233942) is finished	(41.83 mins )
439/2661	(GI:18415319) is finished	(41.78 mins )
440/2661	(GI:186515206) is finished	(41.68 mins )
441/2661	(GI:18415533) is finished	(41.74 mins )
442/2661	(GI:30686028) is finished	(41.8 mins )
443/2661	(GI:79581527) is finished	(41.8 mins )
444/2661	(GI:15234434) is finished	(41.91 mins )
445/2661	(GI:18417986) is finished	(41.88 mins )
446/2661	(GI:30686220) is finished	(41.94 mins )
447/2661	(GI:15233481) is finished	(41.94 mins )
448/2661	(GI:79326117) is finished	(41.94 mins )
449/2661	(GI:240256101) is finished	(41.95 mins )
450/2661	(GI:18416000) is finished	(41.94 mins )
451/2661	(GI:22329125) is finished	(41.95 mins )
452/2661	(GI:15236570) is finished	(41.93 mins )
453/2661	(GI:240256023) is finished	(42.02 mins )
454/2661	(GI:15233977) is finished	(42.03 mins )
455/2661	(GI:30688985) is finished	(41.97 mins )
456/2661	(GI:15236755) is finished	(41.91 mins )
457/2661	(GI:15236966) is finished	(41.99 mins )
458/2661	(GI:79487043) is finished	(42.0 mins )
459/2661	(GI:15236659) is finished	(41.92 mins )
460/2661	(GI:30689295) is finished	(41.88 mins )
461/2661	(GI:30688829) is finished	(41.84 mins )
462/2661	(GI:145334213) is finished	(41.78 mins )
463/2661	(GI:18417607) is finished	(41.7 mins )
464/2661	(GI:22328878) is finished	(41.77 mins )
465/2661	(GI:30686306) is finished	(41.7 mins )
466/2661	(GI:145361376) is finished	(41.68 mins )
467/2661	(GI:18416824) is finished	(41.73 mins )
468/2661	(GI:42573095) is finished	(41.74 mins )
469/2661	(GI:145334151) is finished	(41.66 mins )
470/2661	(GI:42573065) is finished	(41.59 mins )
471/2661	(GI:15234336) is finished	(41.59 mins )
472/2661	(GI:30684914) is finished	(41.64 mins )
473/2661	(GI:22329089) is finished	(41.58 mins )
474/2661	(GI:18418388) is finished	(41.53 mins )
475/2661	(GI:79325608) is finished	(41.54 mins )
476/2661	(GI:30688001) is finished	(41.5 mins )
477/2661	(GI:42573169) is finished	(41.45 mins )
478/2661	(GI:15235763) is finished	(41.41 mins )
479/2661	(GI:18417716) is finished	(41.34 mins )
480/2661	(GI:15234649) is finished	(41.25 mins )
481/2661	(GI:18416818) is finished	(41.24 mins )
482/2661	(GI:240256117) is finished	(41.21 mins )
483/2661	(GI:18417769) is finished	(41.3 mins )
484/2661	(GI:15233565) is finished	(41.22 mins )
485/2661	(GI:145334237) is finished	(41.22 mins )
486/2661	(GI:22328857) is finished	(41.19 mins )
487/2661	(GI:15233452) is finished	(41.2 mins )
488/2661	(GI:22328791) is finished	(41.13 mins )
489/2661	(GI:15236591) is finished	(41.09 mins )
490/2661	(GI:15236072) is finished	(41.05 mins )
491/2661	(GI:15235780) is finished	(41.16 mins )
492/2661	(GI:18416659) is finished	(41.17 mins )
493/2661	(GI:15234428) is finished	(41.09 mins )
494/2661	(GI:42572955) is finished	(41.12 mins )
495/2661	(GI:18417039) is finished	(41.04 mins )
496/2661	(GI:15236236) is finished	(41.04 mins )
497/2661	(GI:15233418) is finished	(41.05 mins )
498/2661	(GI:145334191) is finished	(41.02 mins )
499/2661	(GI:186512041) is finished	(41.04 mins )
500/2661	(GI:15234299) is finished	(41.01 mins )
501/2661	(GI:15234345) is finished	(40.95 mins )
502/2661	(GI:79325189) is finished	(40.92 mins )
503/2661	(GI:15235723) is finished	(40.94 mins )
504/2661	(GI:186512705) is finished	(40.87 mins )
505/2661	(GI:18418749) is finished	(40.82 mins )
506/2661	(GI:145351239) is finished	(40.76 mins )
507/2661	(GI:79326212) is finished	(40.77 mins )
508/2661	(GI:15233822) is finished	(40.69 mins )
509/2661	(GI:18416977) is finished	(40.61 mins )
510/2661	(GI:42573011) is finished	(40.54 mins )
511/2661	(GI:79326108) is finished	(40.57 mins )
512/2661	(GI:18417099) is finished	(40.52 mins )
513/2661	(GI:18415734) is finished	(40.59 mins )
514/2661	(GI:22329066) is finished	(40.54 mins )
515/2661	(GI:186515347) is finished	(40.46 mins )
516/2661	(GI:42567264) is finished	(40.41 mins )
517/2661	(GI:79325261) is finished	(40.34 mins )
518/2661	(GI:15233922) is finished	(40.34 mins )
519/2661	(GI:30689026) is finished	(40.32 mins )
520/2661	(GI:15233878) is finished	(40.31 mins )
521/2661	(GI:15234242) is finished	(40.34 mins )
522/2661	(GI:145334131) is finished	(40.41 mins )
523/2661	(GI:15236655) is finished	(40.41 mins )
524/2661	(GI:240256009) is finished	(40.56 mins )
525/2661	(GI:15235150) is finished	(40.55 mins )
526/2661	(GI:18417778) is finished	(40.51 mins )
527/2661	(GI:30688340) is finished	(40.45 mins )
528/2661	(GI:15233665) is finished	(40.39 mins )
529/2661	(GI:15233608) is finished	(40.31 mins )
530/2661	(GI:30687764) is finished	(40.27 mins )
531/2661	(GI:15236947) is finished	(40.21 mins )
532/2661	(GI:15233747) is finished	(40.15 mins )
533/2661	(GI:42567026) is finished	(40.17 mins )
534/2661	(GI:22328789) is finished	(40.12 mins )
535/2661	(GI:22329127) is finished	(40.08 mins )
536/2661	(GI:15236044) is finished	(40.12 mins )
537/2661	(GI:30686261) is finished	(40.1 mins )
538/2661	(GI:18416160) is finished	(40.04 mins )
539/2661	(GI:186513051) is finished	(40.06 mins )
540/2661	(GI:15233893) is finished	(39.98 mins )
541/2661	(GI:42567155) is finished	(39.91 mins )
542/2661	(GI:79325287) is finished	(39.92 mins )
543/2661	(GI:30684655) is finished	(39.95 mins )
544/2661	(GI:30687652) is finished	(39.91 mins )
545/2661	(GI:15234526) is finished	(39.88 mins )
546/2661	(GI:15235961) is finished	(39.92 mins )
547/2661	(GI:15235638) is finished	(39.91 mins )
548/2661	(GI:42567181) is finished	(39.85 mins )
549/2661	(GI:30685620) is finished	(39.82 mins )
550/2661	(GI:15235867) is finished	(39.86 mins )
551/2661	(GI:30690114) is finished	(39.8 mins )
552/2661	(GI:15234621) is finished	(39.77 mins )
553/2661	(GI:15236607) is finished	(39.79 mins )
554/2661	(GI:18415996) is finished	(39.73 mins )
555/2661	(GI:18415427) is finished	(39.68 mins )
556/2661	(GI:18419782) is finished	(39.62 mins )
557/2661	(GI:18417108) is finished	(39.55 mins )
558/2661	(GI:15236666) is finished	(39.51 mins )
559/2661	(GI:42573019) is finished	(39.49 mins )
560/2661	(GI:18416029) is finished	(39.45 mins )
561/2661	(GI:15236195) is finished	(39.47 mins )
562/2661	(GI:18415638) is finished	(39.48 mins )
563/2661	(GI:186515561) is finished	(39.45 mins )
564/2661	(GI:18416726) is finished	(39.4 mins )
565/2661	(GI:30684829) is finished	(39.38 mins )
566/2661	(GI:30686923) is finished	(39.31 mins )
567/2661	(GI:18417671) is finished	(39.52 mins )
568/2661	(GI:145333775) is finished	(39.48 mins )
569/2661	(GI:186512825) is finished	(39.51 mins )
570/2661	(GI:15234530) is finished	(39.47 mins )
571/2661	(GI:15234460) is finished	(39.47 mins )
572/2661	(GI:79482624) is finished	(39.53 mins )
573/2661	(GI:15234493) is finished	(39.65 mins )
574/2661	(GI:15233801) is finished	(39.6 mins )
575/2661	(GI:18415193) is finished	(39.64 mins )
576/2661	(GI:15235044) is finished	(39.67 mins )
577/2661	(GI:18419744) is finished	(39.6 mins )
578/2661	(GI:15233981) is finished	(39.64 mins )
579/2661	(GI:22328861) is finished	(39.67 mins )
580/2661	(GI:186513084) is finished	(39.6 mins )
581/2661	(GI:30684346) is finished	(39.63 mins )
582/2661	(GI:186514118) is finished	(39.63 mins )
583/2661	(GI:30686176) is finished	(39.65 mins )
584/2661	(GI:15233368) is finished	(39.68 mins )
585/2661	(GI:15235072) is finished	(39.71 mins )
586/2661	(GI:15236790) is finished	(39.72 mins )
587/2661	(GI:186516794) is finished	(39.65 mins )
588/2661	(GI:18418038) is finished	(39.6 mins )
589/2661	(GI:15236116) is finished	(39.57 mins )
590/2661	(GI:15235116) is finished	(39.5 mins )
591/2661	(GI:22329014) is finished	(39.45 mins )
592/2661	(GI:30687803) is finished	(39.46 mins )
593/2661	(GI:30685222) is finished	(39.49 mins )
594/2661	(GI:186515493) is finished	(39.46 mins )
595/2661	(GI:22329214) is finished	(39.41 mins )
596/2661	(GI:15233873) is finished	(39.4 mins )
597/2661	(GI:79325326) is finished	(39.33 mins )
598/2661	(GI:15235521) is finished	(39.28 mins )
599/2661	(GI:186512032) is finished	(39.25 mins )
600/2661	(GI:22329188) is finished	(39.18 mins )
601/2661	(GI:15235804) is finished	(39.11 mins )
602/2661	(GI:186512772) is finished	(39.12 mins )
603/2661	(GI:15236148) is finished	(39.25 mins )
604/2661	(GI:18415906) is finished	(39.23 mins )
605/2661	(GI:240256035) is finished	(39.32 mins )
606/2661	(GI:30684386) is finished	(39.33 mins )
607/2661	(GI:15234984) is finished	(39.41 mins )
608/2661	(GI:15236759) is finished	(39.4 mins )
609/2661	(GI:22328976) is finished	(39.38 mins )
610/2661	(GI:15235790) is finished	(39.37 mins )
611/2661	(GI:30690642) is finished	(39.32 mins )
612/2661	(GI:186511993) is finished	(39.27 mins )
613/2661	(GI:42573099) is finished	(39.24 mins )
614/2661	(GI:18417021) is finished	(39.23 mins )
615/2661	(GI:238480990) is finished	(39.22 mins )
616/2661	(GI:145334199) is finished	(39.17 mins )
617/2661	(GI:42573039) is finished	(39.17 mins )
618/2661	(GI:15235081) is finished	(39.15 mins )
619/2661	(GI:15236251) is finished	(39.17 mins )
620/2661	(GI:15236156) is finished	(39.17 mins )
621/2661	(GI:18417674) is finished	(39.14 mins )
622/2661	(GI:15237098) is finished	(39.15 mins )
623/2661	(GI:240256003) is finished	(39.25 mins )
624/2661	(GI:15234228) is finished	(39.2 mins )
625/2661	(GI:145340395) is finished	(39.27 mins )
626/2661	(GI:186514864) is finished	(39.31 mins )
627/2661	(GI:145333626) is finished	(39.26 mins )
628/2661	(GI:145333919) is finished	(39.24 mins )
629/2661	(GI:42573105) is finished	(39.26 mins )
630/2661	(GI:30686087) is finished	(39.3 mins )
631/2661	(GI:30689905) is finished	(39.26 mins )
632/2661	(GI:18416562) is finished	(39.26 mins )
633/2661	(GI:186512543) is finished	(39.19 mins )
634/2661	(GI:30685692) is finished	(39.13 mins )
635/2661	(GI:30685977) is finished	(39.1 mins )
636/2661	(GI:18416002) is finished	(39.07 mins )
637/2661	(GI:240256029) is finished	(39.04 mins )
638/2661	(GI:15235569) is finished	(38.98 mins )
639/2661	(GI:15234208) is finished	(38.92 mins )
640/2661	(GI:15235230) is finished	(38.95 mins )
641/2661	(GI:15233583) is finished	(38.99 mins )
642/2661	(GI:145333394) is finished	(38.98 mins )
643/2661	(GI:15235985) is finished	(38.92 mins )
644/2661	(GI:15235491) is finished	(38.87 mins )
645/2661	(GI:15234841) is finished	(38.82 mins )
646/2661	(GI:238480875) is finished	(38.82 mins )
647/2661	(GI:30684334) is finished	(38.76 mins )
648/2661	(GI:18418042) is finished	(38.71 mins )
649/2661	(GI:18415520) is finished	(38.75 mins )
650/2661	(GI:238480941) is finished	(38.69 mins )
651/2661	(GI:240256061) is finished	(38.64 mins )
652/2661	(GI:30687867) is finished	(38.63 mins )
653/2661	(GI:15234651) is finished	(38.6 mins )
654/2661	(GI:186516914) is finished	(38.53 mins )
655/2661	(GI:18415522) is finished	(38.54 mins )
656/2661	(GI:240256134) is finished	(38.52 mins )
657/2661	(GI:15235670) is finished	(38.5 mins )
658/2661	(GI:15236157) is finished	(38.45 mins )
659/2661	(GI:15234564) is finished	(38.4 mins )
660/2661	(GI:186515079) is finished	(38.33 mins )
661/2661	(GI:30689066) is finished	(38.34 mins )
662/2661	(GI:15235575) is finished	(38.32 mins )
663/2661	(GI:18418688) is finished	(38.28 mins )
664/2661	(GI:18417640) is finished	(38.22 mins )
665/2661	(GI:15236786) is finished	(38.25 mins )
666/2661	(GI:18417877) is finished	(38.25 mins )
667/2661	(GI:79326126) is finished	(38.2 mins )
668/2661	(GI:79325175) is finished	(38.17 mins )
669/2661	(GI:18415813) is finished	(38.13 mins )
670/2661	(GI:15233581) is finished	(38.09 mins )
671/2661	(GI:15235275) is finished	(38.12 mins )
672/2661	(GI:186515289) is finished	(38.06 mins )
673/2661	(GI:15235312) is finished	(38.14 mins )
674/2661	(GI:186514213) is finished	(38.08 mins )
675/2661	(GI:30685656) is finished	(38.06 mins )
676/2661	(GI:18418571) is finished	(38.01 mins )
677/2661	(GI:15234574) is finished	(37.95 mins )
678/2661	(GI:238480984) is finished	(37.91 mins )
679/2661	(GI:79325353) is finished	(37.86 mins )
680/2661	(GI:15236270) is finished	(37.86 mins )
681/2661	(GI:18417840) is finished	(37.88 mins )
682/2661	(GI:15235107) is finished	(37.82 mins )
683/2661	(GI:240256211) is finished	(37.8 mins )
684/2661	(GI:18417474) is finished	(37.73 mins )
685/2661	(GI:15235269) is finished	(37.68 mins )
686/2661	(GI:15235532) is finished	(37.62 mins )
687/2661	(GI:240256121) is finished	(37.6 mins )
688/2661	(GI:30689830) is finished	(37.59 mins )
689/2661	(GI:22328970) is finished	(37.55 mins )
690/2661	(GI:79325159) is finished	(37.55 mins )
691/2661	(GI:15235743) is finished	(37.57 mins )
692/2661	(GI:18416401) is finished	(37.54 mins )
693/2661	(GI:30687740) is finished	(37.55 mins )
694/2661	(GI:145348650) is finished	(37.51 mins )
695/2661	(GI:18416424) is finished	(37.5 mins )
696/2661	(GI:79325165) is finished	(37.48 mins )
697/2661	(GI:15233404) is finished	(37.5 mins )
698/2661	(GI:15235096) is finished	(37.5 mins )
699/2661	(GI:15233424) is finished	(37.51 mins )
700/2661	(GI:22328982) is finished	(37.49 mins )
701/2661	(GI:186514238) is finished	(37.43 mins )
702/2661	(GI:15235603) is finished	(37.38 mins )
703/2661	(GI:15236506) is finished	(37.38 mins )
704/2661	(GI:15236189) is finished	(37.36 mins )
705/2661	(GI:30688875) is finished	(37.31 mins )
706/2661	(GI:186513660) is finished	(37.29 mins )
707/2661	(GI:42566984) is finished	(37.31 mins )
708/2661	(GI:186513907) is finished	(37.25 mins )
709/2661	(GI:15234400) is finished	(37.19 mins )
710/2661	(GI:15233515) is finished	(37.18 mins )
711/2661	(GI:30690293) is finished	(37.21 mins )
712/2661	(GI:15234330) is finished	(37.18 mins )
713/2661	(GI:15234995) is finished	(37.13 mins )
714/2661	(GI:18418660) is finished	(37.07 mins )
715/2661	(GI:15234534) is finished	(37.06 mins )
716/2661	(GI:79490015) is finished	(37.07 mins )
717/2661	(GI:15234274) is finished	(37.07 mins )
718/2661	(GI:15236247) is finished	(37.07 mins )
719/2661	(GI:30687657) is finished	(37.03 mins )
720/2661	(GI:15233632) is finished	(37.0 mins )
721/2661	(GI:15235279) is finished	(37.08 mins )
722/2661	(GI:15233328) is finished	(37.05 mins )
723/2661	(GI:145334185) is finished	(36.99 mins )
724/2661	(GI:18415773) is finished	(36.95 mins )
725/2661	(GI:15236388) is finished	(36.96 mins )
726/2661	(GI:145349394) is finished	(36.91 mins )
727/2661	(GI:15234595) is finished	(36.87 mins )
728/2661	(GI:145350190) is finished	(36.82 mins )
729/2661	(GI:15234529) is finished	(36.82 mins )
730/2661	(GI:15236754) is finished	(36.77 mins )
731/2661	(GI:30686425) is finished	(36.76 mins )
732/2661	(GI:18416629) is finished	(36.79 mins )
733/2661	(GI:30689228) is finished	(36.77 mins )
734/2661	(GI:18416233) is finished	(36.73 mins )
735/2661	(GI:30686591) is finished	(36.68 mins )
736/2661	(GI:15235200) is finished	(36.65 mins )
737/2661	(GI:42573013) is finished	(36.6 mins )
738/2661	(GI:15236992) is finished	(36.56 mins )
739/2661	(GI:15233546) is finished	(36.61 mins )
740/2661	(GI:79325237) is finished	(36.62 mins )
741/2661	(GI:15234349) is finished	(36.8 mins )
742/2661	(GI:15235766) is finished	(36.76 mins )
743/2661	(GI:145334203) is finished	(36.74 mins )
744/2661	(GI:79478031) is finished	(36.73 mins )
745/2661	(GI:186512035) is finished	(36.72 mins )
746/2661	(GI:79325498) is finished	(36.7 mins )
747/2661	(GI:18416049) is finished	(36.69 mins )
748/2661	(GI:186516558) is finished	(36.71 mins )
749/2661	(GI:240256170) is finished	(36.71 mins )
750/2661	(GI:145362581) is finished	(36.67 mins )
751/2661	(GI:145333417) is finished	(36.68 mins )
752/2661	(GI:15235263) is finished	(36.65 mins )
753/2661	(GI:240256105) is finished	(36.63 mins )
754/2661	(GI:145354603) is finished	(36.61 mins )
755/2661	(GI:79481791) is finished	(36.66 mins )
756/2661	(GI:18417656) is finished	(36.62 mins )
757/2661	(GI:30686552) is finished	(36.57 mins )
758/2661	(GI:15233563) is finished	(36.59 mins )
759/2661	(GI:15234455) is finished	(36.6 mins )
760/2661	(GI:30687431) is finished	(36.56 mins )
761/2661	(GI:30689557) is finished	(36.54 mins )
762/2661	(GI:15234850) is finished	(36.48 mins )
763/2661	(GI:30687096) is finished	(36.49 mins )
764/2661	(GI:145361217) is finished	(36.44 mins )
765/2661	(GI:30689979) is finished	(36.39 mins )
766/2661	(GI:30685317) is finished	(36.36 mins )
767/2661	(GI:186515438) is finished	(36.32 mins )
768/2661	(GI:22328963) is finished	(36.32 mins )
769/2661	(GI:186514006) is finished	(36.28 mins )
770/2661	(GI:79487962) is finished	(36.23 mins )
771/2661	(GI:42572973) is finished	(36.18 mins )
772/2661	(GI:15235998) is finished	(36.19 mins )
773/2661	(GI:42573023) is finished	(36.15 mins )
774/2661	(GI:30686450) is finished	(36.12 mins )
775/2661	(GI:22329043) is finished	(36.1 mins )
776/2661	(GI:15236526) is finished	(36.1 mins )
777/2661	(GI:18418637) is finished	(36.12 mins )
778/2661	(GI:42566980) is finished	(36.09 mins )
779/2661	(GI:42566965) is finished	(36.08 mins )
780/2661	(GI:18417527) is finished	(36.1 mins )
781/2661	(GI:15234875) is finished	(36.06 mins )
Traceback (most recent call last):
  File "blastpro.py", line 177, in <module>
    main(sys.argv)
  File "blastpro.py", line 171, in main
    result_dic = all_page(urls)
  File "blastpro.py", line 116, in all_page
    dic = get_all_info(soup)
  File "blastpro.py", line 102, in get_all_info
    result = find_everything(tag)
  File "blastpro.py", line 70, in find_everything
    num_tag = ichild(1, ichild(0, ichild(1, ichild(1, num_div))))
  File "blastpro.py", line 57, in ichild
    return list(tag.children)[i]
  File "/usr/local/lib/python3.5/dist-packages/bs4/element.py", line 737, in __getattr__
    self.__class__.__name__, attr))
AttributeError: 'NavigableString' object has no attribute 'children'
